{"D:\\Test\\nevo-test-drive-repo-updated\\backend\\src\\common\\abstract.repository.ts": {"path":"D:\\Test\\nevo-test-drive-repo-updated\\backend\\src\\common\\abstract.repository.ts","statementMap":{"0":{"start":{"line":1,"column":0},"end":{"line":1,"column":22}}},"fnMap":{},"branchMap":{},"s":{"0":0},"f":{},"b":{}}
,"D:\\Test\\nevo-test-drive-repo-updated\\backend\\src\\reservation\\reservation.controller.ts": {"path":"D:\\Test\\nevo-test-drive-repo-updated\\backend\\src\\reservation\\reservation.controller.ts","statementMap":{"0":{"start":{"line":1,"column":0},"end":{"line":1,"column":82}},"1":{"start":{"line":2,"column":0},"end":{"line":2,"column":59}},"2":{"start":{"line":11,"column":7},"end":{"line":35,"column":null}},"3":{"start":{"line":12,"column":31},"end":{"line":12,"column":40}},"4":{"start":{"line":16,"column":4},"end":{"line":16,"column":28}},"5":{"start":{"line":21,"column":4},"end":{"line":33,"column":null}},"6":{"start":{"line":22,"column":6},"end":{"line":30,"column":8}},"7":{"start":{"line":32,"column":6},"end":{"line":32,"column":77}},"8":{"start":{"line":14,"column":2},"end":{"line":17,"column":null}},"9":{"start":{"line":20,"column":8},"end":{"line":34,"column":null}},"10":{"start":{"line":11,"column":13},"end":{"line":35,"column":null}},"11":{"start":{"line":11,"column":13},"end":{"line":11,"column":34}}},"fnMap":{"0":{"name":"(anonymous_4)","decl":{"start":{"line":12,"column":2},"end":{"line":12,"column":31}},"loc":{"start":{"line":12,"column":58},"end":{"line":12,"column":62}}},"1":{"name":"(anonymous_5)","decl":{"start":{"line":15,"column":2},"end":{"line":15,"column":8}},"loc":{"start":{"line":15,"column":8},"end":{"line":17,"column":3}}},"2":{"name":"(anonymous_6)","decl":{"start":{"line":20,"column":2},"end":{"line":20,"column":7}},"loc":{"start":{"line":20,"column":37},"end":{"line":34,"column":3}}}},"branchMap":{"0":{"loc":{"start":{"line":32,"column":36},"end":{"line":32,"column":75}},"type":"binary-expr","locations":[{"start":{"line":32,"column":36},"end":{"line":32,"column":49}},{"start":{"line":32,"column":53},"end":{"line":32,"column":75}}]}},"s":{"0":1,"1":1,"2":1,"3":1,"4":1,"5":10,"6":10,"7":10,"8":1,"9":1,"10":1,"11":1},"f":{"0":1,"1":1,"2":10},"b":{"0":[10,0]}}
,"D:\\Test\\nevo-test-drive-repo-updated\\backend\\src\\reservation\\reservation.repository.ts": {"path":"D:\\Test\\nevo-test-drive-repo-updated\\backend\\src\\reservation\\reservation.repository.ts","statementMap":{"0":{"start":{"line":1,"column":0},"end":{"line":1,"column":44}},"1":{"start":{"line":2,"column":0},"end":{"line":2,"column":47}},"2":{"start":{"line":3,"column":0},"end":{"line":3,"column":33}},"3":{"start":{"line":5,"column":0},"end":{"line":5,"column":80}},"4":{"start":{"line":9,"column":7},"end":{"line":52,"column":null}},"5":{"start":{"line":10,"column":53},"end":{"line":10,"column":60}},"6":{"start":{"line":13,"column":20},"end":{"line":13,"column":49}},"7":{"start":{"line":14,"column":4},"end":{"line":14,"column":30}},"8":{"start":{"line":18,"column":16},"end":{"line":18,"column":52}},"9":{"start":{"line":19,"column":4},"end":{"line":19,"column":38}},"10":{"start":{"line":23,"column":4},"end":{"line":23,"column":42}},"11":{"start":{"line":27,"column":4},"end":{"line":27,"column":74}},"12":{"start":{"line":31,"column":18},"end":{"line":31,"column":36}},"13":{"start":{"line":32,"column":16},"end":{"line":32,"column":32}},"14":{"start":{"line":35,"column":24},"end":{"line":35,"column":29}},"15":{"start":{"line":36,"column":22},"end":{"line":36,"column":25}},"16":{"start":{"line":37,"column":4},"end":{"line":40,"column":null}},"17":{"start":{"line":38,"column":6},"end":{"line":38,"column":84}},"18":{"start":{"line":39,"column":6},"end":{"line":39,"column":80}},"19":{"start":{"line":42,"column":22},"end":{"line":49,"column":13}},"20":{"start":{"line":50,"column":4},"end":{"line":50,"column":32}},"21":{"start":{"line":9,"column":13},"end":{"line":52,"column":null}},"22":{"start":{"line":9,"column":13},"end":{"line":9,"column":34}}},"fnMap":{"0":{"name":"(anonymous_4)","decl":{"start":{"line":10,"column":2},"end":{"line":10,"column":15}},"loc":{"start":{"line":10,"column":86},"end":{"line":10,"column":90}}},"1":{"name":"(anonymous_5)","decl":{"start":{"line":12,"column":2},"end":{"line":12,"column":7}},"loc":{"start":{"line":12,"column":42},"end":{"line":15,"column":3}}},"2":{"name":"(anonymous_6)","decl":{"start":{"line":17,"column":2},"end":{"line":17,"column":7}},"loc":{"start":{"line":17,"column":27},"end":{"line":20,"column":3}}},"3":{"name":"(anonymous_7)","decl":{"start":{"line":22,"column":2},"end":{"line":22,"column":7}},"loc":{"start":{"line":22,"column":29},"end":{"line":24,"column":3}}},"4":{"name":"(anonymous_8)","decl":{"start":{"line":26,"column":2},"end":{"line":26,"column":7}},"loc":{"start":{"line":26,"column":56},"end":{"line":28,"column":3}}},"5":{"name":"(anonymous_9)","decl":{"start":{"line":30,"column":2},"end":{"line":30,"column":7}},"loc":{"start":{"line":30,"column":107},"end":{"line":51,"column":3}}}},"branchMap":{"0":{"loc":{"start":{"line":22,"column":13},"end":{"line":22,"column":29}},"type":"default-arg","locations":[{"start":{"line":22,"column":27},"end":{"line":22,"column":29}}]},"1":{"loc":{"start":{"line":37,"column":4},"end":{"line":40,"column":null}},"type":"if","locations":[{"start":{"line":37,"column":4},"end":{"line":40,"column":null}}]},"2":{"loc":{"start":{"line":37,"column":8},"end":{"line":37,"column":58}},"type":"binary-expr","locations":[{"start":{"line":37,"column":8},"end":{"line":37,"column":29}},{"start":{"line":37,"column":33},"end":{"line":37,"column":58}}]}},"s":{"0":2,"1":2,"2":2,"3":2,"4":2,"5":1,"6":0,"7":0,"8":0,"9":0,"10":0,"11":0,"12":1,"13":1,"14":1,"15":1,"16":1,"17":1,"18":1,"19":1,"20":1,"21":2,"22":2},"f":{"0":1,"1":0,"2":0,"3":0,"4":0,"5":1},"b":{"0":[0],"1":[1],"2":[1,1]}}
,"D:\\Test\\nevo-test-drive-repo-updated\\backend\\src\\reservation\\reservation.service.ts": {"path":"D:\\Test\\nevo-test-drive-repo-updated\\backend\\src\\reservation\\reservation.service.ts","statementMap":{"0":{"start":{"line":1,"column":0},"end":{"line":1,"column":65}},"1":{"start":{"line":2,"column":0},"end":{"line":2,"column":26}},"2":{"start":{"line":3,"column":0},"end":{"line":3,"column":35}},"3":{"start":{"line":4,"column":0},"end":{"line":4,"column":65}},"4":{"start":{"line":5,"column":0},"end":{"line":5,"column":66}},"5":{"start":{"line":8,"column":0},"end":{"line":8,"column":18}},"6":{"start":{"line":17,"column":7},"end":{"line":202,"column":null}},"7":{"start":{"line":22,"column":12},"end":{"line":22,"column":29}},"8":{"start":{"line":23,"column":12},"end":{"line":23,"column":25}},"9":{"start":{"line":18,"column":19},"end":{"line":18,"column":110}},"10":{"start":{"line":19,"column":19},"end":{"line":19,"column":81}},"11":{"start":{"line":27,"column":18},"end":{"line":27,"column":45}},"12":{"start":{"line":28,"column":4},"end":{"line":28,"column":43}},"13":{"start":{"line":32,"column":18},"end":{"line":32,"column":70}},"14":{"start":{"line":33,"column":17},"end":{"line":33,"column":59}},"15":{"start":{"line":34,"column":4},"end":{"line":34,"column":30}},"16":{"start":{"line":38,"column":21},"end":{"line":38,"column":31}},"17":{"start":{"line":39,"column":4},"end":{"line":42,"column":6}},"18":{"start":{"line":46,"column":4},"end":{"line":48,"column":null}},"19":{"start":{"line":47,"column":6},"end":{"line":47,"column":69}},"20":{"start":{"line":50,"column":18},"end":{"line":50,"column":37}},"21":{"start":{"line":51,"column":16},"end":{"line":51,"column":27}},"22":{"start":{"line":53,"column":4},"end":{"line":55,"column":null}},"23":{"start":{"line":54,"column":6},"end":{"line":54,"column":64}},"24":{"start":{"line":57,"column":4},"end":{"line":59,"column":null}},"25":{"start":{"line":58,"column":6},"end":{"line":58,"column":82}},"26":{"start":{"line":61,"column":4},"end":{"line":61,"column":27}},"27":{"start":{"line":69,"column":34},"end":{"line":69,"column":56}},"28":{"start":{"line":72,"column":4},"end":{"line":77,"column":null}},"29":{"start":{"line":72,"column":40},"end":{"line":72,"column":55}},"30":{"start":{"line":73,"column":6},"end":{"line":76,"column":8}},"31":{"start":{"line":80,"column":20},"end":{"line":80,"column":65}},"32":{"start":{"line":81,"column":18},"end":{"line":81,"column":61}},"33":{"start":{"line":82,"column":21},"end":{"line":82,"column":67}},"34":{"start":{"line":83,"column":19},"end":{"line":83,"column":61}},"35":{"start":{"line":85,"column":4},"end":{"line":90,"column":null}},"36":{"start":{"line":86,"column":6},"end":{"line":89,"column":8}},"37":{"start":{"line":93,"column":24},"end":{"line":97,"column":null}},"38":{"start":{"line":100,"column":4},"end":{"line":108,"column":null}},"39":{"start":{"line":101,"column":24},"end":{"line":103,"column":12}},"40":{"start":{"line":104,"column":6},"end":{"line":107,"column":8}},"41":{"start":{"line":110,"column":4},"end":{"line":110,"column":36}},"42":{"start":{"line":120,"column":27},"end":{"line":120,"column":58}},"43":{"start":{"line":121,"column":4},"end":{"line":123,"column":null}},"44":{"start":{"line":122,"column":6},"end":{"line":122,"column":64}},"45":{"start":{"line":125,"column":18},"end":{"line":125,"column":37}},"46":{"start":{"line":126,"column":16},"end":{"line":126,"column":49}},"47":{"start":{"line":129,"column":21},"end":{"line":132,"column":6}},"48":{"start":{"line":134,"column":4},"end":{"line":139,"column":null}},"49":{"start":{"line":135,"column":6},"end":{"line":138,"column":8}},"50":{"start":{"line":142,"column":4},"end":{"line":147,"column":null}},"51":{"start":{"line":143,"column":25},"end":{"line":143,"column":84}},"52":{"start":{"line":144,"column":6},"end":{"line":146,"column":null}},"53":{"start":{"line":145,"column":8},"end":{"line":145,"column":44}},"54":{"start":{"line":149,"column":4},"end":{"line":152,"column":6}},"55":{"start":{"line":164,"column":25},"end":{"line":164,"column":100}},"56":{"start":{"line":166,"column":4},"end":{"line":168,"column":null}},"57":{"start":{"line":167,"column":6},"end":{"line":167,"column":111}},"58":{"start":{"line":170,"column":4},"end":{"line":186,"column":null}},"59":{"start":{"line":171,"column":26},"end":{"line":178,"column":8}},"60":{"start":{"line":180,"column":6},"end":{"line":180,"column":46}},"61":{"start":{"line":182,"column":6},"end":{"line":184,"column":null}},"62":{"start":{"line":183,"column":8},"end":{"line":183,"column":20}},"63":{"start":{"line":185,"column":6},"end":{"line":185,"column":72}},"64":{"start":{"line":190,"column":18},"end":{"line":190,"column":46}},"65":{"start":{"line":191,"column":16},"end":{"line":191,"column":53}},"66":{"start":{"line":193,"column":4},"end":{"line":200,"column":7}},"67":{"start":{"line":17,"column":13},"end":{"line":202,"column":null}},"68":{"start":{"line":17,"column":13},"end":{"line":17,"column":31}}},"fnMap":{"0":{"name":"(anonymous_3)","decl":{"start":{"line":21,"column":2},"end":{"line":21,"column":null}},"loc":{"start":{"line":23,"column":42},"end":{"line":24,"column":6}}},"1":{"name":"(anonymous_4)","decl":{"start":{"line":26,"column":10},"end":{"line":26,"column":23}},"loc":{"start":{"line":26,"column":36},"end":{"line":29,"column":3}}},"2":{"name":"(anonymous_5)","decl":{"start":{"line":31,"column":10},"end":{"line":31,"column":20}},"loc":{"start":{"line":31,"column":36},"end":{"line":35,"column":3}}},"3":{"name":"(anonymous_6)","decl":{"start":{"line":37,"column":10},"end":{"line":37,"column":20}},"loc":{"start":{"line":37,"column":38},"end":{"line":43,"column":3}}},"4":{"name":"(anonymous_7)","decl":{"start":{"line":45,"column":10},"end":{"line":45,"column":26}},"loc":{"start":{"line":45,"column":43},"end":{"line":62,"column":3}}},"5":{"name":"(anonymous_8)","decl":{"start":{"line":64,"column":10},"end":{"line":64,"column":15}},"loc":{"start":{"line":67,"column":20},"end":{"line":111,"column":3}}},"6":{"name":"(anonymous_9)","decl":{"start":{"line":72,"column":35},"end":{"line":72,"column":36}},"loc":{"start":{"line":72,"column":40},"end":{"line":72,"column":55}}},"7":{"name":"(anonymous_10)","decl":{"start":{"line":113,"column":2},"end":{"line":113,"column":7}},"loc":{"start":{"line":117,"column":24},"end":{"line":153,"column":3}}},"8":{"name":"(anonymous_11)","decl":{"start":{"line":155,"column":2},"end":{"line":155,"column":7}},"loc":{"start":{"line":162,"column":25},"end":{"line":187,"column":3}}},"9":{"name":"(anonymous_12)","decl":{"start":{"line":189,"column":10},"end":{"line":189,"column":15}},"loc":{"start":{"line":189,"column":61},"end":{"line":201,"column":3}}}},"branchMap":{"0":{"loc":{"start":{"line":28,"column":28},"end":{"line":28,"column":41}},"type":"binary-expr","locations":[{"start":{"line":28,"column":28},"end":{"line":28,"column":36}},{"start":{"line":28,"column":40},"end":{"line":28,"column":41}}]},"1":{"loc":{"start":{"line":46,"column":4},"end":{"line":48,"column":null}},"type":"if","locations":[{"start":{"line":46,"column":4},"end":{"line":48,"column":null}}]},"2":{"loc":{"start":{"line":46,"column":8},"end":{"line":46,"column":51}},"type":"binary-expr","locations":[{"start":{"line":46,"column":8},"end":{"line":46,"column":17}},{"start":{"line":46,"column":21},"end":{"line":46,"column":51}}]},"3":{"loc":{"start":{"line":53,"column":4},"end":{"line":55,"column":null}},"type":"if","locations":[{"start":{"line":53,"column":4},"end":{"line":55,"column":null}}]},"4":{"loc":{"start":{"line":57,"column":4},"end":{"line":59,"column":null}},"type":"if","locations":[{"start":{"line":57,"column":4},"end":{"line":59,"column":null}}]},"5":{"loc":{"start":{"line":72,"column":4},"end":{"line":77,"column":null}},"type":"if","locations":[{"start":{"line":72,"column":4},"end":{"line":77,"column":null}}]},"6":{"loc":{"start":{"line":85,"column":4},"end":{"line":90,"column":null}},"type":"if","locations":[{"start":{"line":85,"column":4},"end":{"line":90,"column":null}}]},"7":{"loc":{"start":{"line":85,"column":8},"end":{"line":85,"column":44}},"type":"binary-expr","locations":[{"start":{"line":85,"column":8},"end":{"line":85,"column":26}},{"start":{"line":85,"column":30},"end":{"line":85,"column":44}}]},"8":{"loc":{"start":{"line":100,"column":4},"end":{"line":108,"column":null}},"type":"if","locations":[{"start":{"line":100,"column":4},"end":{"line":108,"column":null}}]},"9":{"loc":{"start":{"line":101,"column":24},"end":{"line":103,"column":12}},"type":"cond-expr","locations":[{"start":{"line":102,"column":10},"end":{"line":102,"column":96}},{"start":{"line":103,"column":10},"end":{"line":103,"column":12}}]},"10":{"loc":{"start":{"line":121,"column":4},"end":{"line":123,"column":null}},"type":"if","locations":[{"start":{"line":121,"column":4},"end":{"line":123,"column":null}}]},"11":{"loc":{"start":{"line":134,"column":4},"end":{"line":139,"column":null}},"type":"if","locations":[{"start":{"line":134,"column":4},"end":{"line":139,"column":null}}]},"12":{"loc":{"start":{"line":144,"column":6},"end":{"line":146,"column":null}},"type":"if","locations":[{"start":{"line":144,"column":6},"end":{"line":146,"column":null}}]},"13":{"loc":{"start":{"line":166,"column":4},"end":{"line":168,"column":null}},"type":"if","locations":[{"start":{"line":166,"column":4},"end":{"line":168,"column":null}}]},"14":{"loc":{"start":{"line":167,"column":36},"end":{"line":167,"column":109}},"type":"binary-expr","locations":[{"start":{"line":167,"column":36},"end":{"line":167,"column":55}},{"start":{"line":167,"column":59},"end":{"line":167,"column":109}}]},"15":{"loc":{"start":{"line":182,"column":6},"end":{"line":184,"column":null}},"type":"if","locations":[{"start":{"line":182,"column":6},"end":{"line":184,"column":null}}]}},"s":{"0":2,"1":2,"2":2,"3":2,"4":2,"5":2,"6":2,"7":12,"8":12,"9":12,"10":12,"11":18,"12":18,"13":12,"14":12,"15":12,"16":10,"17":10,"18":21,"19":3,"20":18,"21":18,"22":18,"23":2,"24":16,"25":1,"26":15,"27":10,"28":10,"29":44,"30":1,"31":9,"32":9,"33":9,"34":9,"35":9,"36":6,"37":3,"38":3,"39":1,"40":1,"41":2,"42":21,"43":21,"44":6,"45":15,"46":15,"47":15,"48":13,"49":3,"50":10,"51":10,"52":10,"53":2,"54":8,"55":13,"56":11,"57":10,"58":1,"59":1,"60":1,"61":0,"62":0,"63":0,"64":1,"65":1,"66":1,"67":2,"68":2},"f":{"0":12,"1":18,"2":12,"3":10,"4":21,"5":10,"6":44,"7":21,"8":13,"9":1},"b":{"0":[18,18],"1":[3],"2":[21,20],"3":[2],"4":[1],"5":[1],"6":[6],"7":[9,3],"8":[1],"9":[1,0],"10":[6],"11":[3],"12":[2],"13":[10],"14":[10,0],"15":[0]}}
,"D:\\Test\\nevo-test-drive-repo-updated\\backend\\src\\vehicle\\vehicle.controller.ts": {"path":"D:\\Test\\nevo-test-drive-repo-updated\\backend\\src\\vehicle\\vehicle.controller.ts","statementMap":{"0":{"start":{"line":1,"column":0},"end":{"line":1,"column":56}},"1":{"start":{"line":2,"column":0},"end":{"line":2,"column":51}},"2":{"start":{"line":3,"column":0},"end":{"line":3,"column":57}},"3":{"start":{"line":6,"column":7},"end":{"line":33,"column":null}},"4":{"start":{"line":8,"column":12},"end":{"line":8,"column":21}},"5":{"start":{"line":9,"column":12},"end":{"line":9,"column":25}},"6":{"start":{"line":14,"column":4},"end":{"line":14,"column":64}},"7":{"start":{"line":19,"column":4},"end":{"line":19,"column":71}},"8":{"start":{"line":24,"column":4},"end":{"line":26,"column":null}},"9":{"start":{"line":25,"column":6},"end":{"line":25,"column":64}},"10":{"start":{"line":27,"column":4},"end":{"line":29,"column":null}},"11":{"start":{"line":28,"column":6},"end":{"line":28,"column":51}},"12":{"start":{"line":31,"column":4},"end":{"line":31,"column":35}},"13":{"start":{"line":13,"column":8},"end":{"line":15,"column":null}},"14":{"start":{"line":18,"column":8},"end":{"line":20,"column":null}},"15":{"start":{"line":23,"column":8},"end":{"line":32,"column":null}},"16":{"start":{"line":6,"column":13},"end":{"line":33,"column":null}},"17":{"start":{"line":6,"column":13},"end":{"line":6,"column":30}}},"fnMap":{"0":{"name":"(anonymous_4)","decl":{"start":{"line":7,"column":2},"end":{"line":7,"column":null}},"loc":{"start":{"line":9,"column":42},"end":{"line":10,"column":6}}},"1":{"name":"(anonymous_5)","decl":{"start":{"line":13,"column":2},"end":{"line":13,"column":7}},"loc":{"start":{"line":13,"column":20},"end":{"line":15,"column":3}}},"2":{"name":"(anonymous_6)","decl":{"start":{"line":18,"column":2},"end":{"line":18,"column":7}},"loc":{"start":{"line":18,"column":60},"end":{"line":20,"column":3}}},"3":{"name":"(anonymous_7)","decl":{"start":{"line":23,"column":2},"end":{"line":23,"column":7}},"loc":{"start":{"line":23,"column":77},"end":{"line":32,"column":3}}}},"branchMap":{"0":{"loc":{"start":{"line":24,"column":4},"end":{"line":26,"column":null}},"type":"if","locations":[{"start":{"line":24,"column":4},"end":{"line":26,"column":null}}]},"1":{"loc":{"start":{"line":24,"column":8},"end":{"line":24,"column":24}},"type":"binary-expr","locations":[{"start":{"line":24,"column":8},"end":{"line":24,"column":12}},{"start":{"line":24,"column":16},"end":{"line":24,"column":24}}]},"2":{"loc":{"start":{"line":27,"column":4},"end":{"line":29,"column":null}},"type":"if","locations":[{"start":{"line":27,"column":4},"end":{"line":29,"column":null}}]}},"s":{"0":1,"1":1,"2":1,"3":1,"4":1,"5":1,"6":1,"7":0,"8":2,"9":1,"10":1,"11":1,"12":0,"13":1,"14":1,"15":1,"16":1,"17":1},"f":{"0":1,"1":1,"2":0,"3":2},"b":{"0":[1],"1":[2,1],"2":[1]}}
,"D:\\Test\\nevo-test-drive-repo-updated\\backend\\src\\vehicle\\vehicle.repository.ts": {"path":"D:\\Test\\nevo-test-drive-repo-updated\\backend\\src\\vehicle\\vehicle.repository.ts","statementMap":{"0":{"start":{"line":1,"column":0},"end":{"line":1,"column":44}},"1":{"start":{"line":2,"column":0},"end":{"line":2,"column":47}},"2":{"start":{"line":3,"column":0},"end":{"line":3,"column":33}},"3":{"start":{"line":5,"column":0},"end":{"line":5,"column":68}},"4":{"start":{"line":9,"column":7},"end":{"line":29,"column":null}},"5":{"start":{"line":10,"column":49},"end":{"line":10,"column":56}},"6":{"start":{"line":13,"column":20},"end":{"line":13,"column":49}},"7":{"start":{"line":14,"column":4},"end":{"line":14,"column":30}},"8":{"start":{"line":18,"column":16},"end":{"line":18,"column":55}},"9":{"start":{"line":19,"column":4},"end":{"line":19,"column":34}},"10":{"start":{"line":23,"column":4},"end":{"line":23,"column":54}},"11":{"start":{"line":27,"column":4},"end":{"line":27,"column":77}},"12":{"start":{"line":9,"column":13},"end":{"line":29,"column":null}},"13":{"start":{"line":9,"column":13},"end":{"line":9,"column":30}}},"fnMap":{"0":{"name":"(anonymous_4)","decl":{"start":{"line":10,"column":2},"end":{"line":10,"column":15}},"loc":{"start":{"line":10,"column":78},"end":{"line":10,"column":82}}},"1":{"name":"(anonymous_5)","decl":{"start":{"line":12,"column":2},"end":{"line":12,"column":7}},"loc":{"start":{"line":12,"column":38},"end":{"line":15,"column":3}}},"2":{"name":"(anonymous_6)","decl":{"start":{"line":17,"column":2},"end":{"line":17,"column":7}},"loc":{"start":{"line":17,"column":27},"end":{"line":20,"column":3}}},"3":{"name":"(anonymous_7)","decl":{"start":{"line":22,"column":2},"end":{"line":22,"column":7}},"loc":{"start":{"line":22,"column":51},"end":{"line":24,"column":3}}},"4":{"name":"(anonymous_8)","decl":{"start":{"line":26,"column":2},"end":{"line":26,"column":7}},"loc":{"start":{"line":26,"column":52},"end":{"line":28,"column":3}}}},"branchMap":{"0":{"loc":{"start":{"line":22,"column":13},"end":{"line":22,"column":29}},"type":"default-arg","locations":[{"start":{"line":22,"column":27},"end":{"line":22,"column":29}}]},"1":{"loc":{"start":{"line":22,"column":31},"end":{"line":22,"column":51}},"type":"default-arg","locations":[{"start":{"line":22,"column":49},"end":{"line":22,"column":51}}]}},"s":{"0":3,"1":3,"2":3,"3":3,"4":3,"5":1,"6":0,"7":0,"8":0,"9":0,"10":8,"11":0,"12":3,"13":3},"f":{"0":1,"1":0,"2":0,"3":8,"4":0},"b":{"0":[0],"1":[7]}}
,"D:\\Test\\nevo-test-drive-repo-updated\\backend\\src\\vehicle\\vehicle.service.ts": {"path":"D:\\Test\\nevo-test-drive-repo-updated\\backend\\src\\vehicle\\vehicle.service.ts","statementMap":{"0":{"start":{"line":1,"column":0},"end":{"line":1,"column":44}},"1":{"start":{"line":2,"column":0},"end":{"line":2,"column":57}},"2":{"start":{"line":6,"column":7},"end":{"line":33,"column":null}},"3":{"start":{"line":7,"column":22},"end":{"line":7,"column":28}},"4":{"start":{"line":10,"column":4},"end":{"line":10,"column":90}},"5":{"start":{"line":14,"column":4},"end":{"line":14,"column":64}},"6":{"start":{"line":18,"column":21},"end":{"line":18,"column":68}},"7":{"start":{"line":19,"column":4},"end":{"line":19,"column":62}},"8":{"start":{"line":19,"column":41},"end":{"line":19,"column":51}},"9":{"start":{"line":24,"column":19},"end":{"line":24,"column":71}},"10":{"start":{"line":25,"column":21},"end":{"line":25,"column":49}},"11":{"start":{"line":26,"column":18},"end":{"line":26,"column":71}},"12":{"start":{"line":26,"column":48},"end":{"line":26,"column":68}},"13":{"start":{"line":27,"column":4},"end":{"line":27,"column":24}},"14":{"start":{"line":31,"column":4},"end":{"line":31,"column":34}},"15":{"start":{"line":6,"column":13},"end":{"line":33,"column":null}},"16":{"start":{"line":6,"column":13},"end":{"line":6,"column":27}}},"fnMap":{"0":{"name":"(anonymous_2)","decl":{"start":{"line":7,"column":2},"end":{"line":7,"column":22}},"loc":{"start":{"line":7,"column":45},"end":{"line":7,"column":49}}},"1":{"name":"(anonymous_3)","decl":{"start":{"line":9,"column":2},"end":{"line":9,"column":7}},"loc":{"start":{"line":9,"column":60},"end":{"line":11,"column":3}}},"2":{"name":"(anonymous_4)","decl":{"start":{"line":13,"column":2},"end":{"line":13,"column":7}},"loc":{"start":{"line":13,"column":39},"end":{"line":15,"column":3}}},"3":{"name":"(anonymous_5)","decl":{"start":{"line":17,"column":2},"end":{"line":17,"column":7}},"loc":{"start":{"line":17,"column":24},"end":{"line":20,"column":3}}},"4":{"name":"(anonymous_6)","decl":{"start":{"line":19,"column":36},"end":{"line":19,"column":37}},"loc":{"start":{"line":19,"column":41},"end":{"line":19,"column":51}}},"5":{"name":"(anonymous_7)","decl":{"start":{"line":23,"column":2},"end":{"line":23,"column":7}},"loc":{"start":{"line":23,"column":45},"end":{"line":28,"column":3}}},"6":{"name":"(anonymous_8)","decl":{"start":{"line":26,"column":43},"end":{"line":26,"column":44}},"loc":{"start":{"line":26,"column":48},"end":{"line":26,"column":68}}},"7":{"name":"(anonymous_9)","decl":{"start":{"line":30,"column":2},"end":{"line":30,"column":7}},"loc":{"start":{"line":30,"column":27},"end":{"line":32,"column":3}}}},"branchMap":{"0":{"loc":{"start":{"line":24,"column":19},"end":{"line":24,"column":71}},"type":"cond-expr","locations":[{"start":{"line":24,"column":30},"end":{"line":24,"column":66}},{"start":{"line":24,"column":69},"end":{"line":24,"column":71}}]}},"s":{"0":2,"1":2,"2":2,"3":10,"4":3,"5":2,"6":3,"7":3,"8":11,"9":2,"10":2,"11":2,"12":4,"13":2,"14":2,"15":2,"16":2},"f":{"0":10,"1":3,"2":2,"3":3,"4":11,"5":2,"6":4,"7":2},"b":{"0":[1,1]}}
}
