TN:
SF:src\common\abstract.repository.ts
FNF:0
FNH:0
DA:1,0
LF:1
LH:0
BRF:0
BRH:0
end_of_record
TN:
SF:src\reservation\reservation.controller.ts
FN:12,(anonymous_4)
FN:15,(anonymous_5)
FN:20,(anonymous_6)
FNF:3
FNH:3
FNDA:1,(anonymous_4)
FNDA:1,(anonymous_5)
FNDA:10,(anonymous_6)
DA:1,1
DA:2,1
DA:11,1
DA:12,1
DA:14,1
DA:16,1
DA:20,1
DA:21,10
DA:22,10
DA:32,10
LF:10
LH:10
BRDA:32,0,0,10
BRDA:32,0,1,0
BRF:2
BRH:1
end_of_record
TN:
SF:src\reservation\reservation.repository.ts
FN:10,(anonymous_4)
FN:12,(anonymous_5)
FN:17,(anonymous_6)
FN:22,(anonymous_7)
FN:26,(anonymous_8)
FN:30,(anonymous_9)
FNF:6
FNH:2
FNDA:1,(anonymous_4)
FNDA:0,(anonymous_5)
FNDA:0,(anonymous_6)
FNDA:0,(anonymous_7)
FNDA:0,(anonymous_8)
FNDA:1,(anonymous_9)
DA:1,2
DA:2,2
DA:3,2
DA:5,2
DA:9,2
DA:10,1
DA:13,0
DA:14,0
DA:18,0
DA:19,0
DA:23,0
DA:27,0
DA:31,1
DA:32,1
DA:35,1
DA:36,1
DA:37,1
DA:38,1
DA:39,1
DA:42,1
DA:50,1
LF:21
LH:15
BRDA:22,0,0,0
BRDA:37,1,0,1
BRDA:37,2,0,1
BRDA:37,2,1,1
BRF:4
BRH:3
end_of_record
TN:
SF:src\reservation\reservation.service.ts
FN:21,(anonymous_3)
FN:26,(anonymous_4)
FN:31,(anonymous_5)
FN:37,(anonymous_6)
FN:45,(anonymous_7)
FN:64,(anonymous_8)
FN:72,(anonymous_9)
FN:113,(anonymous_10)
FN:155,(anonymous_11)
FN:189,(anonymous_12)
FNF:10
FNH:10
FNDA:12,(anonymous_3)
FNDA:18,(anonymous_4)
FNDA:12,(anonymous_5)
FNDA:10,(anonymous_6)
FNDA:21,(anonymous_7)
FNDA:10,(anonymous_8)
FNDA:44,(anonymous_9)
FNDA:21,(anonymous_10)
FNDA:13,(anonymous_11)
FNDA:1,(anonymous_12)
DA:1,2
DA:2,2
DA:3,2
DA:4,2
DA:5,2
DA:8,2
DA:17,2
DA:18,12
DA:19,12
DA:22,12
DA:23,12
DA:27,18
DA:28,18
DA:32,12
DA:33,12
DA:34,12
DA:38,10
DA:39,10
DA:46,21
DA:47,3
DA:50,18
DA:51,18
DA:53,18
DA:54,2
DA:57,16
DA:58,1
DA:61,15
DA:69,10
DA:72,44
DA:73,1
DA:80,9
DA:81,9
DA:82,9
DA:83,9
DA:85,9
DA:86,6
DA:93,3
DA:100,3
DA:101,1
DA:104,1
DA:110,2
DA:120,21
DA:121,21
DA:122,6
DA:125,15
DA:126,15
DA:129,15
DA:134,13
DA:135,3
DA:142,10
DA:143,10
DA:144,10
DA:145,2
DA:149,8
DA:164,13
DA:166,11
DA:167,10
DA:170,1
DA:171,1
DA:180,1
DA:182,0
DA:183,0
DA:185,0
DA:190,1
DA:191,1
DA:193,1
LF:66
LH:63
BRDA:28,0,0,18
BRDA:28,0,1,18
BRDA:46,1,0,3
BRDA:46,2,0,21
BRDA:46,2,1,20
BRDA:53,3,0,2
BRDA:57,4,0,1
BRDA:72,5,0,1
BRDA:85,6,0,6
BRDA:85,7,0,9
BRDA:85,7,1,3
BRDA:100,8,0,1
BRDA:101,9,0,1
BRDA:101,9,1,0
BRDA:121,10,0,6
BRDA:134,11,0,3
BRDA:144,12,0,2
BRDA:166,13,0,10
BRDA:167,14,0,10
BRDA:167,14,1,0
BRDA:182,15,0,0
BRF:21
BRH:18
end_of_record
TN:
SF:src\vehicle\vehicle.controller.ts
FN:7,(anonymous_4)
FN:13,(anonymous_5)
FN:18,(anonymous_6)
FN:23,(anonymous_7)
FNF:4
FNH:3
FNDA:1,(anonymous_4)
FNDA:1,(anonymous_5)
FNDA:0,(anonymous_6)
FNDA:2,(anonymous_7)
DA:1,1
DA:2,1
DA:3,1
DA:6,1
DA:8,1
DA:9,1
DA:13,1
DA:14,1
DA:18,1
DA:19,0
DA:23,1
DA:24,2
DA:25,1
DA:27,1
DA:28,1
DA:31,0
LF:16
LH:14
BRDA:24,0,0,1
BRDA:24,1,0,2
BRDA:24,1,1,1
BRDA:27,2,0,1
BRF:4
BRH:4
end_of_record
TN:
SF:src\vehicle\vehicle.repository.ts
FN:10,(anonymous_4)
FN:12,(anonymous_5)
FN:17,(anonymous_6)
FN:22,(anonymous_7)
FN:26,(anonymous_8)
FNF:5
FNH:2
FNDA:1,(anonymous_4)
FNDA:0,(anonymous_5)
FNDA:0,(anonymous_6)
FNDA:8,(anonymous_7)
FNDA:0,(anonymous_8)
DA:1,3
DA:2,3
DA:3,3
DA:5,3
DA:9,3
DA:10,1
DA:13,0
DA:14,0
DA:18,0
DA:19,0
DA:23,8
DA:27,0
LF:12
LH:7
BRDA:22,0,0,0
BRDA:22,1,0,7
BRF:2
BRH:1
end_of_record
TN:
SF:src\vehicle\vehicle.service.ts
FN:7,(anonymous_2)
FN:9,(anonymous_3)
FN:13,(anonymous_4)
FN:17,(anonymous_5)
FN:19,(anonymous_6)
FN:23,(anonymous_7)
FN:26,(anonymous_8)
FN:30,(anonymous_9)
FNF:8
FNH:8
FNDA:10,(anonymous_2)
FNDA:3,(anonymous_3)
FNDA:2,(anonymous_4)
FNDA:3,(anonymous_5)
FNDA:11,(anonymous_6)
FNDA:2,(anonymous_7)
FNDA:4,(anonymous_8)
FNDA:2,(anonymous_9)
DA:1,2
DA:2,2
DA:6,2
DA:7,10
DA:10,3
DA:14,2
DA:18,3
DA:19,11
DA:24,2
DA:25,2
DA:26,4
DA:27,2
DA:31,2
LF:13
LH:13
BRDA:24,0,0,1
BRDA:24,0,1,1
BRF:2
BRH:2
end_of_record
